-------------------------------------------------------------------------------
Test set: com.github.vincentrussell.json.datagenerator.impl.ByteArrayBackupToFileOutputStreamTest
-------------------------------------------------------------------------------
Tests run: 19, Failures: 0, Errors: 3, Skipped: 0, Time elapsed: 0.156 s <<< FAILURE! -- in com.github.vincentrussell.json.datagenerator.impl.ByteArrayBackupToFileOutputStreamTest
com.github.vincentrussell.json.datagenerator.impl.ByteArrayBackupToFileOutputStreamTest.resetWithoutMark -- Time elapsed: 0.003 s <<< ERROR!
java.io.IOException: mark has not been set yet.
	at com.github.vincentrussell.json.datagenerator.impl.ByteArrayBackupToFileOutputStream.reset(ByteArrayBackupToFileOutputStream.java:271)
	at com.github.vincentrussell.json.datagenerator.impl.ByteArrayBackupToFileOutputStreamTest.resetWithoutMark(ByteArrayBackupToFileOutputStreamTest.java:439)
	at java.base/java.lang.reflect.Method.invoke(Method.java:580)
	at java.base/java.util.ArrayList.forEach(ArrayList.java:1596)
	at java.base/java.util.ArrayList.forEach(ArrayList.java:1596)

com.github.vincentrussell.json.datagenerator.impl.ByteArrayBackupToFileOutputStreamTest.setLengthByteArrayGreaterThanBufferSize -- Time elapsed: 0.002 s <<< ERROR!
java.lang.IllegalStateException: length: 1000 is greater than buffer length
	at com.github.vincentrussell.json.datagenerator.impl.ByteArrayBackupToFileOutputStream.setLength(ByteArrayBackupToFileOutputStream.java:290)
	at com.github.vincentrussell.json.datagenerator.impl.ByteArrayBackupToFileOutputStreamTest.setLengthByteArrayGreaterThanBufferSize(ByteArrayBackupToFileOutputStreamTest.java:355)
	at java.base/java.lang.reflect.Method.invoke(Method.java:580)
	at java.base/java.util.ArrayList.forEach(ArrayList.java:1596)
	at java.base/java.util.ArrayList.forEach(ArrayList.java:1596)

com.github.vincentrussell.json.datagenerator.impl.ByteArrayBackupToFileOutputStreamTest.setLengthByteArrayGreaterThanFileSize -- Time elapsed: 0.001 s <<< ERROR!
java.lang.IllegalStateException: length: 1000 is greater than file length
	at com.github.vincentrussell.json.datagenerator.impl.ByteArrayBackupToFileOutputStream.setLength(ByteArrayBackupToFileOutputStream.java:296)
	at com.github.vincentrussell.json.datagenerator.impl.ByteArrayBackupToFileOutputStreamTest.setLengthByteArrayGreaterThanFileSize(ByteArrayBackupToFileOutputStreamTest.java:373)
	at java.base/java.lang.reflect.Method.invoke(Method.java:580)
	at java.base/java.util.ArrayList.forEach(ArrayList.java:1596)
	at java.base/java.util.ArrayList.forEach(ArrayList.java:1596)

