-------------------------------------------------------------------------------
Test set: com.github.vincentrussell.json.datagenerator.functions.FunctionRegistryTest
-------------------------------------------------------------------------------
Tests run: 15, Failures: 0, Errors: 10, Skipped: 0, Time elapsed: 0.086 s <<< FAILURE! -- in com.github.vincentrussell.json.datagenerator.functions.FunctionRegistryTest
com.github.vincentrussell.json.datagenerator.functions.FunctionRegistryTest.registerFunctionClassAnnotationThatDoestReturnString -- Time elapsed: 0.007 s <<< ERROR!
java.lang.IllegalArgumentException: method invocation on class com.github.vincentrussell.json.datagenerator.functions.FunctionRegistryTest$TestFunctionClazzMethodDoesntReturnString must return type String
	at com.github.vincentrussell.json.datagenerator.functions.FunctionRegistry.checkMethodValidity(FunctionRegistry.java:173)
	at com.github.vincentrussell.json.datagenerator.functions.FunctionRegistry.registerClass(FunctionRegistry.java:120)
	at com.github.vincentrussell.json.datagenerator.functions.FunctionRegistryTest.registerFunctionClassAnnotationThatDoestReturnString(FunctionRegistryTest.java:165)
	at java.base/java.lang.reflect.Method.invoke(Method.java:580)
	at java.base/java.util.ArrayList.forEach(ArrayList.java:1596)
	at java.base/java.util.ArrayList.forEach(ArrayList.java:1596)

com.github.vincentrussell.json.datagenerator.functions.FunctionRegistryTest.registerFunctionClassAnnotatedWithoutFunctionInvocation -- Time elapsed: 0.008 s <<< ERROR!
java.lang.IllegalArgumentException: com.github.vincentrussell.json.datagenerator.functions.FunctionRegistryTest$TestFunctionClazzWithoutFunctionInvocation: could not find any public methods annotated with com.github.vincentrussell.json.datagenerator.functions.FunctionInvocation
	at com.github.vincentrussell.json.datagenerator.functions.FunctionRegistry.checkClassValidity(FunctionRegistry.java:226)
	at com.github.vincentrussell.json.datagenerator.functions.FunctionRegistry.registerClass(FunctionRegistry.java:101)
	at com.github.vincentrussell.json.datagenerator.functions.FunctionRegistryTest.registerFunctionClassAnnotatedWithoutFunctionInvocation(FunctionRegistryTest.java:75)
	at java.base/java.lang.reflect.Method.invoke(Method.java:580)
	at java.base/java.util.ArrayList.forEach(ArrayList.java:1596)
	at java.base/java.util.ArrayList.forEach(ArrayList.java:1596)

com.github.vincentrussell.json.datagenerator.functions.FunctionRegistryTest.registerFunctionClassAnnotatedWithFunctionInvocationAndExecuteMethodMethodNotFound -- Time elapsed: 0.005 s <<< ERROR!
java.lang.IllegalArgumentException: could not find method to invoke.
	at com.github.vincentrussell.json.datagenerator.functions.FunctionRegistry.getMethod(FunctionRegistry.java:296)
	at com.github.vincentrussell.json.datagenerator.functions.FunctionRegistryTest.registerFunctionClassAnnotatedWithFunctionInvocationAndExecuteMethodMethodNotFound(FunctionRegistryTest.java:119)
	at java.base/java.lang.reflect.Method.invoke(Method.java:580)
	at java.base/java.util.ArrayList.forEach(ArrayList.java:1596)
	at java.base/java.util.ArrayList.forEach(ArrayList.java:1596)

com.github.vincentrussell.json.datagenerator.functions.FunctionRegistryTest.nonOverridableFunction -- Time elapsed: 0.005 s <<< ERROR!
java.lang.IllegalArgumentException: com.github.vincentrussell.json.datagenerator.functions.FunctionRegistryTest$TestNonOverrideableFunction2 can not override existing function with the same annotation: function1 because it does not allow overriding.
	at com.github.vincentrussell.json.datagenerator.functions.FunctionRegistry.checkClassValidity(FunctionRegistry.java:201)
	at com.github.vincentrussell.json.datagenerator.functions.FunctionRegistry.registerClass(FunctionRegistry.java:101)
	at com.github.vincentrussell.json.datagenerator.functions.FunctionRegistryTest.nonOverridableFunction(FunctionRegistryTest.java:182)
	at java.base/java.lang.reflect.Method.invoke(Method.java:580)
	at java.base/java.util.ArrayList.forEach(ArrayList.java:1596)
	at java.base/java.util.ArrayList.forEach(ArrayList.java:1596)

com.github.vincentrussell.json.datagenerator.functions.FunctionRegistryTest.registerFunctionClassAnnotatedWithFunctionInvocationWithoutNoArgConstructor -- Time elapsed: 0.005 s <<< ERROR!
java.lang.IllegalArgumentException: com.github.vincentrussell.json.datagenerator.functions.FunctionRegistryTest$TestFunctionClazzWithFunctionInvocationWithoutNoArgConstructor must have a no-arg constructor
	at com.github.vincentrussell.json.datagenerator.functions.FunctionRegistry.checkClassValidity(FunctionRegistry.java:212)
	at com.github.vincentrussell.json.datagenerator.functions.FunctionRegistry.registerClass(FunctionRegistry.java:101)
	at com.github.vincentrussell.json.datagenerator.functions.FunctionRegistryTest.registerFunctionClassAnnotatedWithFunctionInvocationWithoutNoArgConstructor(FunctionRegistryTest.java:128)
	at java.base/java.lang.reflect.Method.invoke(Method.java:580)
	at java.base/java.util.ArrayList.forEach(ArrayList.java:1596)
	at java.base/java.util.ArrayList.forEach(ArrayList.java:1596)

com.github.vincentrussell.json.datagenerator.functions.FunctionRegistryTest.registerFunctionClassAnnotatedWithoutFunctionInvocationArgumentsNotStrings2 -- Time elapsed: 0.006 s <<< ERROR!
java.lang.IllegalArgumentException: for method invocation on class com.github.vincentrussell.json.datagenerator.functions.FunctionRegistryTest$TestFunctionClazzWithFunctionInvocationNonStrings2: all method parameters need to be a String or a single String var-arg parameter
	at com.github.vincentrussell.json.datagenerator.functions.FunctionRegistry.checkMethodValidity(FunctionRegistry.java:181)
	at com.github.vincentrussell.json.datagenerator.functions.FunctionRegistry.registerClass(FunctionRegistry.java:120)
	at com.github.vincentrussell.json.datagenerator.functions.FunctionRegistryTest.registerFunctionClassAnnotatedWithoutFunctionInvocationArgumentsNotStrings2(FunctionRegistryTest.java:147)
	at java.base/java.lang.reflect.Method.invoke(Method.java:580)
	at java.base/java.util.ArrayList.forEach(ArrayList.java:1596)
	at java.base/java.util.ArrayList.forEach(ArrayList.java:1596)

com.github.vincentrussell.json.datagenerator.functions.FunctionRegistryTest.registerFunctionClassAnnotatedWithoutFunctionInvocationArgumentsNotStrings -- Time elapsed: 0.005 s <<< ERROR!
java.lang.IllegalArgumentException: for method invocation on class com.github.vincentrussell.json.datagenerator.functions.FunctionRegistryTest$TestFunctionClazzWithFunctionInvocationNonStrings: all method parameters need to be a String or a single String var-arg parameter
	at com.github.vincentrussell.json.datagenerator.functions.FunctionRegistry.checkMethodValidity(FunctionRegistry.java:181)
	at com.github.vincentrussell.json.datagenerator.functions.FunctionRegistry.registerClass(FunctionRegistry.java:120)
	at com.github.vincentrussell.json.datagenerator.functions.FunctionRegistryTest.registerFunctionClassAnnotatedWithoutFunctionInvocationArgumentsNotStrings(FunctionRegistryTest.java:138)
	at java.base/java.lang.reflect.Method.invoke(Method.java:580)
	at java.base/java.util.ArrayList.forEach(ArrayList.java:1596)
	at java.base/java.util.ArrayList.forEach(ArrayList.java:1596)

com.github.vincentrussell.json.datagenerator.functions.FunctionRegistryTest.registerFunctionClassAnnotatedWithoutFunctionInvocationArgumentsOneNotString -- Time elapsed: 0.005 s <<< ERROR!
java.lang.IllegalArgumentException: for method invocation on class com.github.vincentrussell.json.datagenerator.functions.FunctionRegistryTest$TestFunctionClazzWithFunctionInvocationOneNotString: all method parameters need to be a String or a single String var-arg parameter
	at com.github.vincentrussell.json.datagenerator.functions.FunctionRegistry.checkMethodValidity(FunctionRegistry.java:181)
	at com.github.vincentrussell.json.datagenerator.functions.FunctionRegistry.registerClass(FunctionRegistry.java:120)
	at com.github.vincentrussell.json.datagenerator.functions.FunctionRegistryTest.registerFunctionClassAnnotatedWithoutFunctionInvocationArgumentsOneNotString(FunctionRegistryTest.java:156)
	at java.base/java.lang.reflect.Method.invoke(Method.java:580)
	at java.base/java.util.ArrayList.forEach(ArrayList.java:1596)
	at java.base/java.util.ArrayList.forEach(ArrayList.java:1596)

com.github.vincentrussell.json.datagenerator.functions.FunctionRegistryTest.registerFunctionClassNotAnnotated -- Time elapsed: 0.005 s <<< ERROR!
java.lang.IllegalArgumentException: java.lang.Object must be annotated with com.github.vincentrussell.json.datagenerator.functions.Function
	at com.github.vincentrussell.json.datagenerator.functions.FunctionRegistry.checkClassValidity(FunctionRegistry.java:190)
	at com.github.vincentrussell.json.datagenerator.functions.FunctionRegistry.registerClass(FunctionRegistry.java:101)
	at com.github.vincentrussell.json.datagenerator.functions.FunctionRegistryTest.registerFunctionClassNotAnnotated(FunctionRegistryTest.java:57)
	at java.base/java.lang.reflect.Method.invoke(Method.java:580)
	at java.base/java.util.ArrayList.forEach(ArrayList.java:1596)
	at java.base/java.util.ArrayList.forEach(ArrayList.java:1596)

com.github.vincentrussell.json.datagenerator.functions.FunctionRegistryTest.registerFunctionClassAnnotatedWithoutName -- Time elapsed: 0.004 s <<< ERROR!
java.lang.IllegalArgumentException: com.github.vincentrussell.json.datagenerator.functions.Functionannotation on classcom.github.vincentrussell.json.datagenerator.functions.FunctionRegistryTest$TestFunctionClazzWithoutName annotation must have name attribute populated
	at com.github.vincentrussell.json.datagenerator.functions.FunctionRegistry.checkClassValidity(FunctionRegistry.java:196)
	at com.github.vincentrussell.json.datagenerator.functions.FunctionRegistry.registerClass(FunctionRegistry.java:101)
	at com.github.vincentrussell.json.datagenerator.functions.FunctionRegistryTest.registerFunctionClassAnnotatedWithoutName(FunctionRegistryTest.java:66)
	at java.base/java.lang.reflect.Method.invoke(Method.java:580)
	at java.base/java.util.ArrayList.forEach(ArrayList.java:1596)
	at java.base/java.util.ArrayList.forEach(ArrayList.java:1596)

