-------------------------------------------------------------------------------
Test set: com.github.vincentrussell.json.datagenerator.JsonDataGeneratorTest
-------------------------------------------------------------------------------
Tests run: 32, Failures: 1, Errors: 4, Skipped: 0, Time elapsed: 0.477 s <<< FAILURE! -- in com.github.vincentrussell.json.datagenerator.JsonDataGeneratorTest
com.github.vincentrussell.json.datagenerator.JsonDataGeneratorTest.copyRepeatsDoesNotAddNullCharacters -- Time elapsed: 0.007 s <<< ERROR!
java.lang.RuntimeException: java.io.FileNotFoundException:  (No such file or directory)
	at com.github.vincentrussell.json.datagenerator.JsonDataGeneratorTest.copyRepeatsDoesNotAddNullCharacters(JsonDataGeneratorTest.java:154)
	at java.base/java.lang.reflect.Method.invoke(Method.java:580)
	at java.base/java.util.ArrayList.forEach(ArrayList.java:1596)
	at java.base/java.util.ArrayList.forEach(ArrayList.java:1596)
Caused by: java.io.FileNotFoundException:  (No such file or directory)
	at java.base/java.io.FileOutputStream.open0(Native Method)
	at java.base/java.io.FileOutputStream.open(FileOutputStream.java:289)
	at java.base/java.io.FileOutputStream.<init>(FileOutputStream.java:230)
	at java.base/java.io.FileOutputStream.<init>(FileOutputStream.java:179)
	at com.github.vincentrussell.json.datagenerator.JsonDataGeneratorTest.copyRepeatsDoesNotAddNullCharacters(JsonDataGeneratorTest.java:151)
	... 3 more

com.github.vincentrussell.json.datagenerator.JsonDataGeneratorTest.repeatFunctionInvalidRange -- Time elapsed: 0.007 s <<< ERROR!
java.lang.IllegalArgumentException: cannot parse function: repeat(10,3)
	at com.github.vincentrussell.json.datagenerator.impl.FunctionTokenResolver.resolveToken(FunctionTokenResolver.java:65)
	at com.github.vincentrussell.json.datagenerator.impl.JsonDataGeneratorImpl.parseRepeats(JsonDataGeneratorImpl.java:337)
	at com.github.vincentrussell.json.datagenerator.impl.JsonDataGeneratorImpl.handleRepeats(JsonDataGeneratorImpl.java:299)
	at com.github.vincentrussell.json.datagenerator.impl.JsonDataGeneratorImpl.generateTestDataJson(JsonDataGeneratorImpl.java:141)
	at com.github.vincentrussell.json.datagenerator.impl.JsonDataGeneratorImpl.generateTestDataJson(JsonDataGeneratorImpl.java:83)
	at com.github.vincentrussell.json.datagenerator.JsonDataGeneratorTest.repeatFunctionInvalidRange(JsonDataGeneratorTest.java:222)
	at java.base/java.lang.reflect.Method.invoke(Method.java:580)
	at java.base/java.util.ArrayList.forEach(ArrayList.java:1596)
	at java.base/java.util.ArrayList.forEach(ArrayList.java:1596)
Caused by: java.lang.reflect.InvocationTargetException
	at java.base/jdk.internal.reflect.DirectMethodHandleAccessor.invoke(DirectMethodHandleAccessor.java:118)
	at java.base/java.lang.reflect.Method.invoke(Method.java:580)
	at com.github.vincentrussell.json.datagenerator.functions.FunctionRegistry.executeMethod(FunctionRegistry.java:264)
	at com.github.vincentrussell.json.datagenerator.functions.FunctionRegistry.executeFunction(FunctionRegistry.java:254)
	at com.github.vincentrussell.json.datagenerator.parser.FunctionParser.Parse(FunctionParser.java:215)
	at com.github.vincentrussell.json.datagenerator.impl.FunctionTokenResolver.resolveToken(FunctionTokenResolver.java:61)
	... 8 more
Caused by: java.lang.IllegalArgumentException: the second number, 3, must be greater than the first number, 3
	at com.github.vincentrussell.json.datagenerator.functions.impl.Repeat.repeat(Repeat.java:54)
	at java.base/jdk.internal.reflect.DirectMethodHandleAccessor.invoke(DirectMethodHandleAccessor.java:103)
	... 13 more

com.github.vincentrussell.json.datagenerator.JsonDataGeneratorTest.sourceFileNotFound -- Time elapsed: 0.006 s <<< ERROR!
com.github.vincentrussell.json.datagenerator.JsonDataGeneratorException: java.io.FileNotFoundException: notfound (No such file or directory)
	at com.github.vincentrussell.json.datagenerator.impl.JsonDataGeneratorImpl.generateTestDataJson(JsonDataGeneratorImpl.java:129)
	at com.github.vincentrussell.json.datagenerator.JsonDataGeneratorTest.sourceFileNotFound(JsonDataGeneratorTest.java:120)
	at java.base/java.lang.reflect.Method.invoke(Method.java:580)
	at java.base/java.util.ArrayList.forEach(ArrayList.java:1596)
	at java.base/java.util.ArrayList.forEach(ArrayList.java:1596)
Caused by: java.io.FileNotFoundException: notfound (No such file or directory)
	at java.base/java.io.FileInputStream.open0(Native Method)
	at java.base/java.io.FileInputStream.open(FileInputStream.java:213)
	at java.base/java.io.FileInputStream.<init>(FileInputStream.java:152)
	at com.github.vincentrussell.json.datagenerator.impl.JsonDataGeneratorImpl.generateTestDataJson(JsonDataGeneratorImpl.java:125)
	... 4 more

com.github.vincentrussell.json.datagenerator.JsonDataGeneratorTest.repeatFunctionInvalid -- Time elapsed: 0.007 s <<< FAILURE!
org.opentest4j.AssertionFailedError: expected: <true> but was: <false>
	at org.junit.jupiter.api.AssertionFailureBuilder.build(AssertionFailureBuilder.java:151)
	at org.junit.jupiter.api.AssertionFailureBuilder.buildAndThrow(AssertionFailureBuilder.java:132)
	at org.junit.jupiter.api.AssertTrue.failNotTrue(AssertTrue.java:63)
	at org.junit.jupiter.api.AssertTrue.assertTrue(AssertTrue.java:36)
	at org.junit.jupiter.api.AssertTrue.assertTrue(AssertTrue.java:31)
	at org.junit.jupiter.api.Assertions.assertTrue(Assertions.java:183)
	at com.github.vincentrussell.json.datagenerator.JsonDataGeneratorTest.repeatFunctionInvalid(JsonDataGeneratorTest.java:437)
	at java.base/java.lang.reflect.Method.invoke(Method.java:580)
	at java.base/java.util.ArrayList.forEach(ArrayList.java:1596)
	at java.base/java.util.ArrayList.forEach(ArrayList.java:1596)

com.github.vincentrussell.json.datagenerator.JsonDataGeneratorTest.destinationFileExists -- Time elapsed: 0.006 s <<< ERROR!
java.io.FileNotFoundException:  (No such file or directory)
	at java.base/java.io.FileOutputStream.open0(Native Method)
	at java.base/java.io.FileOutputStream.open(FileOutputStream.java:289)
	at java.base/java.io.FileOutputStream.<init>(FileOutputStream.java:230)
	at java.base/java.io.FileOutputStream.<init>(FileOutputStream.java:179)
	at com.github.vincentrussell.json.datagenerator.JsonDataGeneratorTest.destinationFileExists(JsonDataGeneratorTest.java:128)
	at java.base/java.lang.reflect.Method.invoke(Method.java:580)
	at java.base/java.util.ArrayList.forEach(ArrayList.java:1596)
	at java.base/java.util.ArrayList.forEach(ArrayList.java:1596)

