<?xml version="1.0" encoding="UTF-8"?>
<testsuite xmlns:xsi="http://www.w3.org/2001/XMLSchema-instance" xsi:noNamespaceSchemaLocation="https://maven.apache.org/surefire/maven-surefire-plugin/xsd/surefire-test-report.xsd" version="3.0.2" name="com.github.vincentrussell.json.datagenerator.functions.impl.DefaultFunctionsTest" time="0.557" tests="102" errors="2" skipped="0" failures="0">
  <properties>
[...]
</properties>
  <testcase name="randomTimeBetweenTwoTimes" classname="com.github.vincentrussell.json.datagenerator.functions.impl.DefaultFunctionsTest" time="0.008"/>
  <testcase name="resetIndexSpecifiedNameNotFound" classname="com.github.vincentrussell.json.datagenerator.functions.impl.DefaultFunctionsTest" time="0.005">
    <error message="could not find index with name name1" type="java.lang.IllegalStateException"><![CDATA[java.lang.IllegalStateException: could not find index with name name1
	at com.github.vincentrussell.json.datagenerator.functions.impl.ResetIndex.getIndexHolder(ResetIndex.java:76)
	at com.github.vincentrussell.json.datagenerator.functions.impl.ResetIndex.resetIndex(ResetIndex.java:65)
	at java.base/jdk.internal.reflect.DirectMethodHandleAccessor.invoke(DirectMethodHandleAccessor.java:103)
	at java.base/java.lang.reflect.Method.invoke(Method.java:580)
	at com.github.vincentrussell.json.datagenerator.functions.FunctionRegistry.executeMethod(FunctionRegistry.java:264)
	at com.github.vincentrussell.json.datagenerator.functions.FunctionRegistry.executeFunction(FunctionRegistry.java:254)
	at com.github.vincentrussell.json.datagenerator.functions.impl.DefaultFunctionsTest.resetIndexSpecifiedNameNotFound(DefaultFunctionsTest.java:253)
	at java.base/java.lang.reflect.Method.invoke(Method.java:580)
	at java.base/java.util.ArrayList.forEach(ArrayList.java:1596)
	at java.base/java.util.ArrayList.forEach(ArrayList.java:1596)
]]></error>
  </testcase>
  <testcase name="timeNowWithFormat" classname="com.github.vincentrussell.json.datagenerator.functions.impl.DefaultFunctionsTest" time="0.005"/>
  <testcase name="addWeeksDefaultFormat" classname="com.github.vincentrussell.json.datagenerator.functions.impl.DefaultFunctionsTest" time="0.004"/>
  <testcase name="alphaNumericWithLength" classname="com.github.vincentrussell.json.datagenerator.functions.impl.DefaultFunctionsTest" time="0.007"/>
  <testcase name="surname" classname="com.github.vincentrussell.json.datagenerator.functions.impl.DefaultFunctionsTest" time="0.005"/>
  <testcase name="addWeeksNegative" classname="com.github.vincentrussell.json.datagenerator.functions.impl.DefaultFunctionsTest" time="0.006"/>
  <testcase name="dateWithinRangeInputAndOutputFormat" classname="com.github.vincentrussell.json.datagenerator.functions.impl.DefaultFunctionsTest" time="0.007"/>
  <testcase name="alphaWithMinAndMax" classname="com.github.vincentrussell.json.datagenerator.functions.impl.DefaultFunctionsTest" time="0.004"/>
  <testcase name="resetIndex" classname="com.github.vincentrussell.json.datagenerator.functions.impl.DefaultFunctionsTest" time="0.006"/>
  <testcase name="addSecondsDefaultFormat" classname="com.github.vincentrussell.json.datagenerator.functions.impl.DefaultFunctionsTest" time="0.004"/>
  <testcase name="addMonthsDefaultFormat" classname="com.github.vincentrussell.json.datagenerator.functions.impl.DefaultFunctionsTest" time="0.004"/>
  <testcase name="regexifyWithLocale" classname="com.github.vincentrussell.json.datagenerator.functions.impl.DefaultFunctionsTest" time="0.024"/>
  <testcase name="lastName" classname="com.github.vincentrussell.json.datagenerator.functions.impl.DefaultFunctionsTest" time="0.005"/>
  <testcase name="concat" classname="com.github.vincentrussell.json.datagenerator.functions.impl.DefaultFunctionsTest" time="0.004"/>
  <testcase name="addMinutes" classname="com.github.vincentrussell.json.datagenerator.functions.impl.DefaultFunctionsTest" time="0.005"/>
  <testcase name="timeNow" classname="com.github.vincentrussell.json.datagenerator.functions.impl.DefaultFunctionsTest" time="0.008"/>
  <testcase name="indexWithNameAndStartingPointIgnoreAdditionalChangesInNumber" classname="com.github.vincentrussell.json.datagenerator.functions.impl.DefaultFunctionsTest" time="0.005"/>
  <testcase name="addHours" classname="com.github.vincentrussell.json.datagenerator.functions.impl.DefaultFunctionsTest" time="0.004"/>
  <testcase name="gender" classname="com.github.vincentrussell.json.datagenerator.functions.impl.DefaultFunctionsTest" time="0.004"/>
  <testcase name="addWeeks" classname="com.github.vincentrussell.json.datagenerator.functions.impl.DefaultFunctionsTest" time="0.005"/>
  <testcase name="addYears" classname="com.github.vincentrussell.json.datagenerator.functions.impl.DefaultFunctionsTest" time="0.005"/>
  <testcase name="dateWithFormat" classname="com.github.vincentrussell.json.datagenerator.functions.impl.DefaultFunctionsTest" time="0.008"/>
  <testcase name="countriesListWithOneSpecificCode" classname="com.github.vincentrussell.json.datagenerator.functions.impl.DefaultFunctionsTest" time="0.004"/>
  <testcase name="toLower" classname="com.github.vincentrussell.json.datagenerator.functions.impl.DefaultFunctionsTest" time="0.004"/>
  <testcase name="toUpper" classname="com.github.vincentrussell.json.datagenerator.functions.impl.DefaultFunctionsTest" time="0.004"/>
  <testcase name="addDays" classname="com.github.vincentrussell.json.datagenerator.functions.impl.DefaultFunctionsTest" time="0.004"/>
  <testcase name="dateWithinRangeWithFormat" classname="com.github.vincentrussell.json.datagenerator.functions.impl.DefaultFunctionsTest" time="0.004"/>
  <testcase name="addHoursDefaultFormat" classname="com.github.vincentrussell.json.datagenerator.functions.impl.DefaultFunctionsTest" time="0.005"/>
  <testcase name="resetIndexDefaultNotFound" classname="com.github.vincentrussell.json.datagenerator.functions.impl.DefaultFunctionsTest" time="0.005">
    <error message="could not find index with name DEFAULT" type="java.lang.IllegalStateException"><![CDATA[java.lang.IllegalStateException: could not find index with name DEFAULT
	at com.github.vincentrussell.json.datagenerator.functions.impl.ResetIndex.getIndexHolder(ResetIndex.java:76)
	at com.github.vincentrussell.json.datagenerator.functions.impl.ResetIndex.resetIndex(ResetIndex.java:65)
	at com.github.vincentrussell.json.datagenerator.functions.impl.ResetIndex.resetIndex(ResetIndex.java:55)
	at java.base/jdk.internal.reflect.DirectMethodHandleAccessor.invoke(DirectMethodHandleAccessor.java:103)
	at java.base/java.lang.reflect.Method.invoke(Method.java:580)
	at com.github.vincentrussell.json.datagenerator.functions.FunctionRegistry.executeMethod(FunctionRegistry.java:264)
	at com.github.vincentrussell.json.datagenerator.functions.FunctionRegistry.executeFunction(FunctionRegistry.java:254)
	at com.github.vincentrussell.json.datagenerator.functions.impl.DefaultFunctionsTest.resetIndexDefaultNotFound(DefaultFunctionsTest.java:245)
	at java.base/java.lang.reflect.Method.invoke(Method.java:580)
	at java.base/java.util.ArrayList.forEach(ArrayList.java:1596)
	at java.base/java.util.ArrayList.forEach(ArrayList.java:1596)
]]></error>
  </testcase>
  <testcase name="randomDouble" classname="com.github.vincentrussell.json.datagenerator.functions.impl.DefaultFunctionsTest" time="0.004"/>
  <testcase name="putAndGet" classname="com.github.vincentrussell.json.datagenerator.functions.impl.DefaultFunctionsTest" time="0.004"/>
  <testcase name="random" classname="com.github.vincentrussell.json.datagenerator.functions.impl.DefaultFunctionsTest" time="0.004"/>
  <testcase name="addYearsNegative" classname="com.github.vincentrussell.json.datagenerator.functions.impl.DefaultFunctionsTest" time="0.005"/>
  <testcase name="street" classname="com.github.vincentrussell.json.datagenerator.functions.impl.DefaultFunctionsTest" time="0.011"/>
  <testcase name="randomFloat" classname="com.github.vincentrussell.json.datagenerator.functions.impl.DefaultFunctionsTest" time="0.006"/>
  <testcase name="emailWithDomain" classname="com.github.vincentrussell.json.datagenerator.functions.impl.DefaultFunctionsTest" time="0.007"/>
  <testcase name="regexify" classname="com.github.vincentrussell.json.datagenerator.functions.impl.DefaultFunctionsTest" time="0.006"/>
  <testcase name="toTimestamp" classname="com.github.vincentrussell.json.datagenerator.functions.impl.DefaultFunctionsTest" time="0.005"/>
  <testcase name="toTimestampWithDateFormat" classname="com.github.vincentrussell.json.datagenerator.functions.impl.DefaultFunctionsTest" time="0.005"/>
  <testcase name="putAndGetSystemProperty" classname="com.github.vincentrussell.json.datagenerator.functions.impl.DefaultFunctionsTest" time="0.006"/>
  <testcase name="addHoursNegative" classname="com.github.vincentrussell.json.datagenerator.functions.impl.DefaultFunctionsTest" time="0.006"/>
  <testcase name="randomInteger" classname="com.github.vincentrussell.json.datagenerator.functions.impl.DefaultFunctionsTest" time="0.006"/>
  <testcase name="boolWithChance" classname="com.github.vincentrussell.json.datagenerator.functions.impl.DefaultFunctionsTest" time="0.005"/>
  <testcase name="addSeconds" classname="com.github.vincentrussell.json.datagenerator.functions.impl.DefaultFunctionsTest" time="0.006"/>
  <testcase name="username" classname="com.github.vincentrussell.json.datagenerator.functions.impl.DefaultFunctionsTest" time="0.005"/>
  <testcase name="concatWithBrackets" classname="com.github.vincentrussell.json.datagenerator.functions.impl.DefaultFunctionsTest" time="0.005"/>
  <testcase name="randomFloating" classname="com.github.vincentrussell.json.datagenerator.functions.impl.DefaultFunctionsTest" time="0.004"/>
  <testcase name="addMonths" classname="com.github.vincentrussell.json.datagenerator.functions.impl.DefaultFunctionsTest" time="0.005"/>
  <testcase name="timestampWithinRangeWithFormat" classname="com.github.vincentrussell.json.datagenerator.functions.impl.DefaultFunctionsTest" time="0.01"/>
  <testcase name="addMonthsNegative" classname="com.github.vincentrussell.json.datagenerator.functions.impl.DefaultFunctionsTest" time="0.005"/>
  <testcase name="ssn" classname="com.github.vincentrussell.json.datagenerator.functions.impl.DefaultFunctionsTest" time="0.005"/>
  <testcase name="bool" classname="com.github.vincentrussell.json.datagenerator.functions.impl.DefaultFunctionsTest" time="0.004"/>
  <testcase name="city" classname="com.github.vincentrussell.json.datagenerator.functions.impl.DefaultFunctionsTest" time="0.004"/>
  <testcase name="date" classname="com.github.vincentrussell.json.datagenerator.functions.impl.DefaultFunctionsTest" time="0.006"/>
  <testcase name="guid" classname="com.github.vincentrussell.json.datagenerator.functions.impl.DefaultFunctionsTest" time="0.004"/>
  <testcase name="ipv4" classname="com.github.vincentrussell.json.datagenerator.functions.impl.DefaultFunctionsTest" time="0.006"/>
  <testcase name="uuid" classname="com.github.vincentrussell.json.datagenerator.functions.impl.DefaultFunctionsTest" time="0.005"/>
  <testcase name="indexWithStartingPoint" classname="com.github.vincentrussell.json.datagenerator.functions.impl.DefaultFunctionsTest" time="0.004"/>
  <testcase name="timestamp" classname="com.github.vincentrussell.json.datagenerator.functions.impl.DefaultFunctionsTest" time="0.004"/>
  <testcase name="loremParagraphs" classname="com.github.vincentrussell.json.datagenerator.functions.impl.DefaultFunctionsTest" time="0.009"/>
  <testcase name="ipv6Lower" classname="com.github.vincentrussell.json.datagenerator.functions.impl.DefaultFunctionsTest" time="0.004"/>
  <testcase name="objectId" classname="com.github.vincentrussell.json.datagenerator.functions.impl.DefaultFunctionsTest" time="0.006"/>
  <testcase name="alpha" classname="com.github.vincentrussell.json.datagenerator.functions.impl.DefaultFunctionsTest" time="0.004"/>
  <testcase name="ipv6Upper" classname="com.github.vincentrussell.json.datagenerator.functions.impl.DefaultFunctionsTest" time="0.005"/>
  <testcase name="email" classname="com.github.vincentrussell.json.datagenerator.functions.impl.DefaultFunctionsTest" time="0.004"/>
  <testcase name="index" classname="com.github.vincentrussell.json.datagenerator.functions.impl.DefaultFunctionsTest" time="0.005"/>
  <testcase name="phone" classname="com.github.vincentrussell.json.datagenerator.functions.impl.DefaultFunctionsTest" time="0.005"/>
  <testcase name="state" classname="com.github.vincentrussell.json.datagenerator.functions.impl.DefaultFunctionsTest" time="0.005"/>
  <testcase name="randomLong" classname="com.github.vincentrussell.json.datagenerator.functions.impl.DefaultFunctionsTest" time="0.007"/>
  <testcase name="indexWithNameAndStartingPoint" classname="com.github.vincentrussell.json.datagenerator.functions.impl.DefaultFunctionsTest" time="0.004"/>
  <testcase name="addYearsDefaultFormat" classname="com.github.vincentrussell.json.datagenerator.functions.impl.DefaultFunctionsTest" time="0.004"/>
  <testcase name="firstName" classname="com.github.vincentrussell.json.datagenerator.functions.impl.DefaultFunctionsTest" time="0.005"/>
  <testcase name="dateFormat" classname="com.github.vincentrussell.json.datagenerator.functions.impl.DefaultFunctionsTest" time="0.005"/>
  <testcase name="addDaysDefaultFormat" classname="com.github.vincentrussell.json.datagenerator.functions.impl.DefaultFunctionsTest" time="0.006"/>
  <testcase name="randomFloatWithFormat" classname="com.github.vincentrussell.json.datagenerator.functions.impl.DefaultFunctionsTest" time="0.005"/>
  <testcase name="toTimestampSeconds" classname="com.github.vincentrussell.json.datagenerator.functions.impl.DefaultFunctionsTest" time="0.003"/>
  <testcase name="alphaNumeric" classname="com.github.vincentrussell.json.datagenerator.functions.impl.DefaultFunctionsTest" time="0.004"/>
  <testcase name="substring" classname="com.github.vincentrussell.json.datagenerator.functions.impl.DefaultFunctionsTest" time="0.003"/>
  <testcase name="ipv6DefaultLower" classname="com.github.vincentrussell.json.datagenerator.functions.impl.DefaultFunctionsTest" time="0.004"/>
  <testcase name="alphaWithLength" classname="com.github.vincentrussell.json.datagenerator.functions.impl.DefaultFunctionsTest" time="0.004"/>
  <testcase name="countriesListWithSpecificCode" classname="com.github.vincentrussell.json.datagenerator.functions.impl.DefaultFunctionsTest" time="0.008"/>
  <testcase name="addSecondsNegative" classname="com.github.vincentrussell.json.datagenerator.functions.impl.DefaultFunctionsTest" time="0.004"/>
  <testcase name="indexNamed" classname="com.github.vincentrussell.json.datagenerator.functions.impl.DefaultFunctionsTest" time="0.003"/>
  <testcase name="uuidWithoutDashes" classname="com.github.vincentrussell.json.datagenerator.functions.impl.DefaultFunctionsTest" time="0.003"/>
  <testcase name="toTimestampSecondsWithDateFormat" classname="com.github.vincentrussell.json.datagenerator.functions.impl.DefaultFunctionsTest" time="0.006"/>
  <testcase name="addDaysNegative" classname="com.github.vincentrussell.json.datagenerator.functions.impl.DefaultFunctionsTest" time="0.005"/>
  <testcase name="company" classname="com.github.vincentrussell.json.datagenerator.functions.impl.DefaultFunctionsTest" time="0.004"/>
  <testcase name="loremWords" classname="com.github.vincentrussell.json.datagenerator.functions.impl.DefaultFunctionsTest" time="0.004"/>
  <testcase name="country" classname="com.github.vincentrussell.json.datagenerator.functions.impl.DefaultFunctionsTest" time="0.004"/>
  <testcase name="hexDefault16bytes" classname="com.github.vincentrussell.json.datagenerator.functions.impl.DefaultFunctionsTest" time="0.004"/>
  <testcase name="timestampSeconds" classname="com.github.vincentrussell.json.datagenerator.functions.impl.DefaultFunctionsTest" time="0.005"/>
  <testcase name="randomFloatNegativeNumbers" classname="com.github.vincentrussell.json.datagenerator.functions.impl.DefaultFunctionsTest" time="0.004"/>
  <testcase name="countriesListWillAllCountry" classname="com.github.vincentrussell.json.datagenerator.functions.impl.DefaultFunctionsTest" time="0.005"/>
  <testcase name="alphaNumericWithMinAndMax" classname="com.github.vincentrussell.json.datagenerator.functions.impl.DefaultFunctionsTest" time="0.006"/>
  <testcase name="timestampSecondsWithinRangeWithFormat" classname="com.github.vincentrussell.json.datagenerator.functions.impl.DefaultFunctionsTest" time="0.005"/>
  <testcase name="hex2bytes" classname="com.github.vincentrussell.json.datagenerator.functions.impl.DefaultFunctionsTest" time="0.004"/>
  <testcase name="indexWithStartingPointIgnoreAdditionalChangesInNumber" classname="com.github.vincentrussell.json.datagenerator.functions.impl.DefaultFunctionsTest" time="0.007"/>
  <testcase name="addMinutesDefaultFormat" classname="com.github.vincentrussell.json.datagenerator.functions.impl.DefaultFunctionsTest" time="0.004"/>
  <testcase name="randomDoubleWithFormat" classname="com.github.vincentrussell.json.datagenerator.functions.impl.DefaultFunctionsTest" time="0.004"/>
  <testcase name="dateWithinRange" classname="com.github.vincentrussell.json.datagenerator.functions.impl.DefaultFunctionsTest" time="0.004"/>
  <testcase name="addMinutesNegative" classname="com.github.vincentrussell.json.datagenerator.functions.impl.DefaultFunctionsTest" time="0.003"/>
</testsuite>