<?xml version="1.0" encoding="UTF-8"?>
<testsuite xmlns:xsi="http://www.w3.org/2001/XMLSchema-instance" xsi:noNamespaceSchemaLocation="https://maven.apache.org/surefire/maven-surefire-plugin/xsd/surefire-test-report.xsd" version="3.0.2" name="com.github.vincentrussell.json.datagenerator.parser.FunctionJJTreeTest" time="0.01" tests="10" errors="0" skipped="0" failures="0">
  <properties>
[...]
</properties>
  <testcase name="testFunctionWithTwoStringsArgs" classname="com.github.vincentrussell.json.datagenerator.parser.FunctionJJTreeTest" time="0.0"/>
  <testcase name="testFunctionWithArgsNested" classname="com.github.vincentrussell.json.datagenerator.parser.FunctionJJTreeTest" time="0.0"/>
  <testcase name="canParseFloatingPointNumbers" classname="com.github.vincentrussell.json.datagenerator.parser.FunctionJJTreeTest" time="0.001"/>
  <testcase name="testFunctionWithNoArgs" classname="com.github.vincentrussell.json.datagenerator.parser.FunctionJJTreeTest" time="0.0"/>
  <testcase name="testFunctionWithOneStringOneNumberArgs" classname="com.github.vincentrussell.json.datagenerator.parser.FunctionJJTreeTest" time="0.0"/>
  <testcase name="canParseNegativeIntegers" classname="com.github.vincentrussell.json.datagenerator.parser.FunctionJJTreeTest" time="0.0"/>
  <testcase name="testFunctionWithTwoNumbersArgs" classname="com.github.vincentrussell.json.datagenerator.parser.FunctionJJTreeTest" time="0.0"/>
  <testcase name="testFunctionWithOneStringOneFloatArgs" classname="com.github.vincentrussell.json.datagenerator.parser.FunctionJJTreeTest" time="0.0"/>
  <testcase name="testFunctionWithArgsMultipleNested" classname="com.github.vincentrussell.json.datagenerator.parser.FunctionJJTreeTest" time="0.0"/>
  <testcase name="canParseNegativeFloatingPointNumbers" classname="com.github.vincentrussell.json.datagenerator.parser.FunctionJJTreeTest" time="0.001"/>
</testsuite>