<?xml version="1.0" encoding="UTF-8"?>
<testsuite xmlns:xsi="http://www.w3.org/2001/XMLSchema-instance" xsi:noNamespaceSchemaLocation="https://maven.apache.org/surefire/maven-surefire-plugin/xsd/surefire-test-report.xsd" version="3.0.2" name="com.github.vincentrussell.json.datagenerator.JsonDataGeneratorTest" time="0.477" tests="32" errors="4" skipped="0" failures="1">
  <properties>
    <property name="java.specification.version" value="21"/>
    <property name="sun.jnu.encoding" value="UTF-8"/>
    <property name="java.class.path" value="/Users/lise/PersonalSpace/loadup-cloud/json-data-generator/target/test-classes:/Users/lise/PersonalSpace/loadup-cloud/json-data-generator/target/classes:/Users/lise/.m2/repository_personal/org/apache/commons/commons-math3/3.6.1/commons-math3-3.6.1.jar:/Users/lise/.m2/repository_personal/com/google/guava/guava/33.4.8-jre/guava-33.4.8-jre.jar:/Users/lise/.m2/repository_personal/com/google/guava/failureaccess/1.0.3/failureaccess-1.0.3.jar:/Users/lise/.m2/repository_personal/com/google/guava/listenablefuture/9999.0-empty-to-avoid-conflict-with-guava/listenablefuture-9999.0-empty-to-avoid-conflict-with-guava.jar:/Users/lise/.m2/repository_personal/org/jspecify/jspecify/1.0.0/jspecify-1.0.0.jar:/Users/lise/.m2/repository_personal/com/google/errorprone/error_prone_annotations/2.36.0/error_prone_annotations-2.36.0.jar:/Users/lise/.m2/repository_personal/com/google/j2objc/j2objc-annotations/3.0.0/j2objc-annotations-3.0.0.jar:/Users/lise/.m2/repository_personal/org/apache/commons/commons-lang3/3.17.0/commons-lang3-3.17.0.jar:/Users/lise/.m2/repository_personal/org/apache/commons/commons-collections4/4.5.0/commons-collections4-4.5.0.jar:/Users/lise/.m2/repository_personal/commons-io/commons-io/2.19.0/commons-io-2.19.0.jar:/Users/lise/.m2/repository_personal/commons-codec/commons-codec/1.17.2/commons-codec-1.17.2.jar:/Users/lise/.m2/repository_personal/commons-cli/commons-cli/1.9.0/commons-cli-1.9.0.jar:/Users/lise/.m2/repository_personal/com/google/code/gson/gson/2.11.0/gson-2.11.0.jar:/Users/lise/.m2/repository_personal/org/slf4j/slf4j-api/2.0.17/slf4j-api-2.0.17.jar:/Users/lise/.m2/repository_personal/org/slf4j/slf4j-nop/2.0.17/slf4j-nop-2.0.17.jar:/Users/lise/.m2/repository_personal/net/datafaker/datafaker/2.4.2/datafaker-2.4.2.jar:/Users/lise/.m2/repository_personal/org/yaml/snakeyaml/2.3/snakeyaml-2.3.jar:/Users/lise/.m2/repository_personal/com/github/curious-odd-man/rgxgen/2.0/rgxgen-2.0.jar:/Users/lise/.m2/repository_personal/com/googlecode/libphonenumber/libphonenumber/8.13.50/libphonenumber-8.13.50.jar:/Users/lise/.m2/repository_personal/org/springframework/spring-test/6.2.5/spring-test-6.2.5.jar:/Users/lise/.m2/repository_personal/org/springframework/spring-core/6.2.5/spring-core-6.2.5.jar:/Users/lise/.m2/repository_personal/org/springframework/spring-jcl/6.2.5/spring-jcl-6.2.5.jar:/Users/lise/.m2/repository_personal/org/junit/jupiter/junit-jupiter-api/5.11.4/junit-jupiter-api-5.11.4.jar:/Users/lise/.m2/repository_personal/org/opentest4j/opentest4j/1.3.0/opentest4j-1.3.0.jar:/Users/lise/.m2/repository_personal/org/junit/platform/junit-platform-commons/1.11.4/junit-platform-commons-1.11.4.jar:/Users/lise/.m2/repository_personal/org/apiguardian/apiguardian-api/1.1.2/apiguardian-api-1.1.2.jar:/Users/lise/.m2/repository_personal/com/github/nikolavp/approval-core/0.3/approval-core-0.3.jar:/Users/lise/.m2/repository_personal/com/fasterxml/jackson/core/jackson-databind/2.18.3/jackson-databind-2.18.3.jar:/Users/lise/.m2/repository_personal/com/fasterxml/jackson/core/jackson-annotations/2.18.3/jackson-annotations-2.18.3.jar:/Users/lise/.m2/repository_personal/com/fasterxml/jackson/core/jackson-core/2.18.3/jackson-core-2.18.3.jar:/Users/lise/.m2/repository_personal/org/mockito/mockito-core/5.14.2/mockito-core-5.14.2.jar:/Users/lise/.m2/repository_personal/net/bytebuddy/byte-buddy/1.15.11/byte-buddy-1.15.11.jar:/Users/lise/.m2/repository_personal/net/bytebuddy/byte-buddy-agent/1.15.11/byte-buddy-agent-1.15.11.jar:/Users/lise/.m2/repository_personal/org/objenesis/objenesis/3.3/objenesis-3.3.jar:/Users/lise/.m2/repository_personal/org/reflections/reflections/0.10.2/reflections-0.10.2.jar:/Users/lise/.m2/repository_personal/org/javassist/javassist/3.28.0-GA/javassist-3.28.0-GA.jar:/Users/lise/.m2/repository_personal/com/google/code/findbugs/jsr305/3.0.2/jsr305-3.0.2.jar:"/>
    <property name="java.vm.vendor" value="BellSoft"/>
    <property name="sun.arch.data.model" value="64"/>
    <property name="java.vendor.url" value="https://bell-sw.com/"/>
    <property name="user.timezone" value="Asia/Shanghai"/>
    <property name="os.name" value="Mac OS X"/>
    <property name="java.vm.specification.version" value="21"/>
    <property name="sun.java.launcher" value="SUN_STANDARD"/>
    <property name="user.country" value="CN"/>
    <property name="sun.boot.library.path" value="/Users/lise/.sdkman/candidates/java/21.0.6.fx-librca/lib"/>
    <property name="sun.java.command" value="/Users/lise/PersonalSpace/loadup-cloud/json-data-generator/target/surefire/surefirebooter-20250430102050851_3.jar /Users/lise/PersonalSpace/loadup-cloud/json-data-generator/target/surefire 2025-04-30T10-20-48_968-jvmRun1 surefire-20250430102050851_1tmp surefire_0-20250430102050851_2tmp"/>
    <property name="jdk.debug" value="release"/>
    <property name="surefire.test.class.path" value="/Users/lise/PersonalSpace/loadup-cloud/json-data-generator/target/test-classes:/Users/lise/PersonalSpace/loadup-cloud/json-data-generator/target/classes:/Users/lise/.m2/repository_personal/org/apache/commons/commons-math3/3.6.1/commons-math3-3.6.1.jar:/Users/lise/.m2/repository_personal/com/google/guava/guava/33.4.8-jre/guava-33.4.8-jre.jar:/Users/lise/.m2/repository_personal/com/google/guava/failureaccess/1.0.3/failureaccess-1.0.3.jar:/Users/lise/.m2/repository_personal/com/google/guava/listenablefuture/9999.0-empty-to-avoid-conflict-with-guava/listenablefuture-9999.0-empty-to-avoid-conflict-with-guava.jar:/Users/lise/.m2/repository_personal/org/jspecify/jspecify/1.0.0/jspecify-1.0.0.jar:/Users/lise/.m2/repository_personal/com/google/errorprone/error_prone_annotations/2.36.0/error_prone_annotations-2.36.0.jar:/Users/lise/.m2/repository_personal/com/google/j2objc/j2objc-annotations/3.0.0/j2objc-annotations-3.0.0.jar:/Users/lise/.m2/repository_personal/org/apache/commons/commons-lang3/3.17.0/commons-lang3-3.17.0.jar:/Users/lise/.m2/repository_personal/org/apache/commons/commons-collections4/4.5.0/commons-collections4-4.5.0.jar:/Users/lise/.m2/repository_personal/commons-io/commons-io/2.19.0/commons-io-2.19.0.jar:/Users/lise/.m2/repository_personal/commons-codec/commons-codec/1.17.2/commons-codec-1.17.2.jar:/Users/lise/.m2/repository_personal/commons-cli/commons-cli/1.9.0/commons-cli-1.9.0.jar:/Users/lise/.m2/repository_personal/com/google/code/gson/gson/2.11.0/gson-2.11.0.jar:/Users/lise/.m2/repository_personal/org/slf4j/slf4j-api/2.0.17/slf4j-api-2.0.17.jar:/Users/lise/.m2/repository_personal/org/slf4j/slf4j-nop/2.0.17/slf4j-nop-2.0.17.jar:/Users/lise/.m2/repository_personal/net/datafaker/datafaker/2.4.2/datafaker-2.4.2.jar:/Users/lise/.m2/repository_personal/org/yaml/snakeyaml/2.3/snakeyaml-2.3.jar:/Users/lise/.m2/repository_personal/com/github/curious-odd-man/rgxgen/2.0/rgxgen-2.0.jar:/Users/lise/.m2/repository_personal/com/googlecode/libphonenumber/libphonenumber/8.13.50/libphonenumber-8.13.50.jar:/Users/lise/.m2/repository_personal/org/springframework/spring-test/6.2.5/spring-test-6.2.5.jar:/Users/lise/.m2/repository_personal/org/springframework/spring-core/6.2.5/spring-core-6.2.5.jar:/Users/lise/.m2/repository_personal/org/springframework/spring-jcl/6.2.5/spring-jcl-6.2.5.jar:/Users/lise/.m2/repository_personal/org/junit/jupiter/junit-jupiter-api/5.11.4/junit-jupiter-api-5.11.4.jar:/Users/lise/.m2/repository_personal/org/opentest4j/opentest4j/1.3.0/opentest4j-1.3.0.jar:/Users/lise/.m2/repository_personal/org/junit/platform/junit-platform-commons/1.11.4/junit-platform-commons-1.11.4.jar:/Users/lise/.m2/repository_personal/org/apiguardian/apiguardian-api/1.1.2/apiguardian-api-1.1.2.jar:/Users/lise/.m2/repository_personal/com/github/nikolavp/approval-core/0.3/approval-core-0.3.jar:/Users/lise/.m2/repository_personal/com/fasterxml/jackson/core/jackson-databind/2.18.3/jackson-databind-2.18.3.jar:/Users/lise/.m2/repository_personal/com/fasterxml/jackson/core/jackson-annotations/2.18.3/jackson-annotations-2.18.3.jar:/Users/lise/.m2/repository_personal/com/fasterxml/jackson/core/jackson-core/2.18.3/jackson-core-2.18.3.jar:/Users/lise/.m2/repository_personal/org/mockito/mockito-core/5.14.2/mockito-core-5.14.2.jar:/Users/lise/.m2/repository_personal/net/bytebuddy/byte-buddy/1.15.11/byte-buddy-1.15.11.jar:/Users/lise/.m2/repository_personal/net/bytebuddy/byte-buddy-agent/1.15.11/byte-buddy-agent-1.15.11.jar:/Users/lise/.m2/repository_personal/org/objenesis/objenesis/3.3/objenesis-3.3.jar:/Users/lise/.m2/repository_personal/org/reflections/reflections/0.10.2/reflections-0.10.2.jar:/Users/lise/.m2/repository_personal/org/javassist/javassist/3.28.0-GA/javassist-3.28.0-GA.jar:/Users/lise/.m2/repository_personal/com/google/code/findbugs/jsr305/3.0.2/jsr305-3.0.2.jar:"/>
    <property name="sun.cpu.endian" value="little"/>
    <property name="user.home" value="/Users/lise"/>
    <property name="user.language" value="en"/>
    <property name="java.specification.vendor" value="Oracle Corporation"/>
    <property name="java.version.date" value="2025-01-21"/>
    <property name="java.home" value="/Users/lise/.sdkman/candidates/java/21.0.6.fx-librca"/>
    <property name="file.separator" value="/"/>
    <property name="basedir" value="/Users/lise/PersonalSpace/loadup-cloud/json-data-generator"/>
    <property name="java.vm.compressedOopsMode" value="Zero based"/>
    <property name="line.separator" value="&#10;"/>
    <property name="java.specification.name" value="Java Platform API Specification"/>
    <property name="java.vm.specification.vendor" value="Oracle Corporation"/>
    <property name="apple.awt.application.name" value="ForkedBooter"/>
    <property name="surefire.real.class.path" value="/Users/lise/PersonalSpace/loadup-cloud/json-data-generator/target/surefire/surefirebooter-20250430102050851_3.jar"/>
    <property name="sun.management.compiler" value="HotSpot 64-Bit Tiered Compilers"/>
    <property name="java.runtime.version" value="21.0.6+10-LTS"/>
    <property name="user.name" value="lise"/>
    <property name="stdout.encoding" value="UTF-8"/>
    <property name="path.separator" value=":"/>
    <property name="os.version" value="15.4.1"/>
    <property name="java.runtime.name" value="OpenJDK Runtime Environment"/>
    <property name="file.encoding" value="UTF-8"/>
    <property name="java.vm.name" value="OpenJDK 64-Bit Server VM"/>
    <property name="localRepository" value="/Users/lise/.m2/repository_personal"/>
    <property name="java.vendor.url.bug" value="https://bell-sw.com/support"/>
    <property name="java.io.tmpdir" value="/var/folders/rp/fvzlq_s95p55mv7vqt3zpfhc0000gn/T/"/>
    <property name="idea.version" value="2024.2.6"/>
    <property name="java.version" value="21.0.6"/>
    <property name="user.dir" value="/Users/lise/PersonalSpace/loadup-cloud/json-data-generator"/>
    <property name="os.arch" value="aarch64"/>
    <property name="java.vm.specification.name" value="Java Virtual Machine Specification"/>
    <property name="native.encoding" value="UTF-8"/>
    <property name="java.library.path" value="/Users/lise/Library/Java/Extensions:/Library/Java/Extensions:/Network/Library/Java/Extensions:/System/Library/Java/Extensions:/usr/lib/java:."/>
    <property name="java.vm.info" value="mixed mode, sharing"/>
    <property name="stderr.encoding" value="UTF-8"/>
    <property name="java.vendor" value="BellSoft"/>
    <property name="java.vm.version" value="21.0.6+10-LTS"/>
    <property name="sun.io.unicode.encoding" value="UnicodeBig"/>
    <property name="java.class.version" value="65.0"/>
  </properties>
  <testcase name="copyDoubleNestedJson" classname="com.github.vincentrussell.json.datagenerator.JsonDataGeneratorTest" time="0.047"/>
  <testcase name="repeatFunctionJsonArrayNoQuotes" classname="com.github.vincentrussell.json.datagenerator.JsonDataGeneratorTest" time="0.01"/>
  <testcase name="resetIndex" classname="com.github.vincentrussell.json.datagenerator.JsonDataGeneratorTest" time="0.023"/>
  <testcase name="repeatFunctionJsonArrayQuotes" classname="com.github.vincentrussell.json.datagenerator.JsonDataGeneratorTest" time="0.01"/>
  <testcase name="zeroRepeat" classname="com.github.vincentrussell.json.datagenerator.JsonDataGeneratorTest" time="0.013"/>
  <testcase name="concatWithEscapesWithoutBraces" classname="com.github.vincentrussell.json.datagenerator.JsonDataGeneratorTest" time="0.009"/>
  <testcase name="copyRepeatsDoesNotAddNullCharacters" classname="com.github.vincentrussell.json.datagenerator.JsonDataGeneratorTest" time="0.007">
    <error message="java.io.FileNotFoundException:  (No such file or directory)" type="java.lang.RuntimeException"><![CDATA[java.lang.RuntimeException: java.io.FileNotFoundException:  (No such file or directory)
	at com.github.vincentrussell.json.datagenerator.JsonDataGeneratorTest.copyRepeatsDoesNotAddNullCharacters(JsonDataGeneratorTest.java:154)
	at java.base/java.lang.reflect.Method.invoke(Method.java:580)
	at java.base/java.util.ArrayList.forEach(ArrayList.java:1596)
	at java.base/java.util.ArrayList.forEach(ArrayList.java:1596)
Caused by: java.io.FileNotFoundException:  (No such file or directory)
	at java.base/java.io.FileOutputStream.open0(Native Method)
	at java.base/java.io.FileOutputStream.open(FileOutputStream.java:289)
	at java.base/java.io.FileOutputStream.<init>(FileOutputStream.java:230)
	at java.base/java.io.FileOutputStream.<init>(FileOutputStream.java:179)
	at com.github.vincentrussell.json.datagenerator.JsonDataGeneratorTest.copyRepeatsDoesNotAddNullCharacters(JsonDataGeneratorTest.java:151)
	... 3 more
]]></error>
  </testcase>
  <testcase name="indexFunctionWithNamesTest" classname="com.github.vincentrussell.json.datagenerator.JsonDataGeneratorTest" time="0.012"/>
  <testcase name="repeatFunctionInvalidRange" classname="com.github.vincentrussell.json.datagenerator.JsonDataGeneratorTest" time="0.007">
    <error message="cannot parse function: repeat(10,3)" type="java.lang.IllegalArgumentException"><![CDATA[java.lang.IllegalArgumentException: cannot parse function: repeat(10,3)
	at com.github.vincentrussell.json.datagenerator.impl.FunctionTokenResolver.resolveToken(FunctionTokenResolver.java:65)
	at com.github.vincentrussell.json.datagenerator.impl.JsonDataGeneratorImpl.parseRepeats(JsonDataGeneratorImpl.java:337)
	at com.github.vincentrussell.json.datagenerator.impl.JsonDataGeneratorImpl.handleRepeats(JsonDataGeneratorImpl.java:299)
	at com.github.vincentrussell.json.datagenerator.impl.JsonDataGeneratorImpl.generateTestDataJson(JsonDataGeneratorImpl.java:141)
	at com.github.vincentrussell.json.datagenerator.impl.JsonDataGeneratorImpl.generateTestDataJson(JsonDataGeneratorImpl.java:83)
	at com.github.vincentrussell.json.datagenerator.JsonDataGeneratorTest.repeatFunctionInvalidRange(JsonDataGeneratorTest.java:222)
	at java.base/java.lang.reflect.Method.invoke(Method.java:580)
	at java.base/java.util.ArrayList.forEach(ArrayList.java:1596)
	at java.base/java.util.ArrayList.forEach(ArrayList.java:1596)
Caused by: java.lang.reflect.InvocationTargetException
	at java.base/jdk.internal.reflect.DirectMethodHandleAccessor.invoke(DirectMethodHandleAccessor.java:118)
	at java.base/java.lang.reflect.Method.invoke(Method.java:580)
	at com.github.vincentrussell.json.datagenerator.functions.FunctionRegistry.executeMethod(FunctionRegistry.java:264)
	at com.github.vincentrussell.json.datagenerator.functions.FunctionRegistry.executeFunction(FunctionRegistry.java:254)
	at com.github.vincentrussell.json.datagenerator.parser.FunctionParser.Parse(FunctionParser.java:215)
	at com.github.vincentrussell.json.datagenerator.impl.FunctionTokenResolver.resolveToken(FunctionTokenResolver.java:61)
	... 8 more
Caused by: java.lang.IllegalArgumentException: the second number, 3, must be greater than the first number, 3
	at com.github.vincentrussell.json.datagenerator.functions.impl.Repeat.repeat(Repeat.java:54)
	at java.base/jdk.internal.reflect.DirectMethodHandleAccessor.invoke(DirectMethodHandleAccessor.java:103)
	... 13 more
]]></error>
  </testcase>
  <testcase name="copyJson" classname="com.github.vincentrussell.json.datagenerator.JsonDataGeneratorTest" time="0.013"/>
  <testcase name="testXmlTemplate" classname="com.github.vincentrussell.json.datagenerator.JsonDataGeneratorTest" time="0.019"/>
  <testcase name="repeatWithSystemProperties" classname="com.github.vincentrussell.json.datagenerator.JsonDataGeneratorTest" time="0.007"/>
  <testcase name="sourceFileNotFound" classname="com.github.vincentrussell.json.datagenerator.JsonDataGeneratorTest" time="0.006">
    <error message="java.io.FileNotFoundException: notfound (No such file or directory)" type="com.github.vincentrussell.json.datagenerator.JsonDataGeneratorException"><![CDATA[com.github.vincentrussell.json.datagenerator.JsonDataGeneratorException: java.io.FileNotFoundException: notfound (No such file or directory)
	at com.github.vincentrussell.json.datagenerator.impl.JsonDataGeneratorImpl.generateTestDataJson(JsonDataGeneratorImpl.java:129)
	at com.github.vincentrussell.json.datagenerator.JsonDataGeneratorTest.sourceFileNotFound(JsonDataGeneratorTest.java:120)
	at java.base/java.lang.reflect.Method.invoke(Method.java:580)
	at java.base/java.util.ArrayList.forEach(ArrayList.java:1596)
	at java.base/java.util.ArrayList.forEach(ArrayList.java:1596)
Caused by: java.io.FileNotFoundException: notfound (No such file or directory)
	at java.base/java.io.FileInputStream.open0(Native Method)
	at java.base/java.io.FileInputStream.open(FileInputStream.java:213)
	at java.base/java.io.FileInputStream.<init>(FileInputStream.java:152)
	at com.github.vincentrussell.json.datagenerator.impl.JsonDataGeneratorImpl.generateTestDataJson(JsonDataGeneratorImpl.java:125)
	... 4 more
]]></error>
  </testcase>
  <testcase name="repeatFunctionInvalid" classname="com.github.vincentrussell.json.datagenerator.JsonDataGeneratorTest" time="0.007">
    <failure message="expected: &lt;true&gt; but was: &lt;false&gt;" type="org.opentest4j.AssertionFailedError"><![CDATA[org.opentest4j.AssertionFailedError: expected: <true> but was: <false>
	at org.junit.jupiter.api.AssertionFailureBuilder.build(AssertionFailureBuilder.java:151)
	at org.junit.jupiter.api.AssertionFailureBuilder.buildAndThrow(AssertionFailureBuilder.java:132)
	at org.junit.jupiter.api.AssertTrue.failNotTrue(AssertTrue.java:63)
	at org.junit.jupiter.api.AssertTrue.assertTrue(AssertTrue.java:36)
	at org.junit.jupiter.api.AssertTrue.assertTrue(AssertTrue.java:31)
	at org.junit.jupiter.api.Assertions.assertTrue(Assertions.java:183)
	at com.github.vincentrussell.json.datagenerator.JsonDataGeneratorTest.repeatFunctionInvalid(JsonDataGeneratorTest.java:437)
	at java.base/java.lang.reflect.Method.invoke(Method.java:580)
	at java.base/java.util.ArrayList.forEach(ArrayList.java:1596)
	at java.base/java.util.ArrayList.forEach(ArrayList.java:1596)
]]></failure>
  </testcase>
  <testcase name="indexFunctionTest" classname="com.github.vincentrussell.json.datagenerator.JsonDataGeneratorTest" time="0.011"/>
  <testcase name="invalidFunction" classname="com.github.vincentrussell.json.datagenerator.JsonDataGeneratorTest" time="0.011"/>
  <testcase name="doubleQuoteFunctionTest" classname="com.github.vincentrussell.json.datagenerator.JsonDataGeneratorTest" time="0.019"/>
  <testcase name="putGetTest" classname="com.github.vincentrussell.json.datagenerator.JsonDataGeneratorTest" time="0.012"/>
  <testcase name="repeatFunctionRangeEqual" classname="com.github.vincentrussell.json.datagenerator.JsonDataGeneratorTest" time="0.006"/>
  <testcase name="destinationFileExists" classname="com.github.vincentrussell.json.datagenerator.JsonDataGeneratorTest" time="0.006">
    <error message=" (No such file or directory)" type="java.io.FileNotFoundException"><![CDATA[java.io.FileNotFoundException:  (No such file or directory)
	at java.base/java.io.FileOutputStream.open0(Native Method)
	at java.base/java.io.FileOutputStream.open(FileOutputStream.java:289)
	at java.base/java.io.FileOutputStream.<init>(FileOutputStream.java:230)
	at java.base/java.io.FileOutputStream.<init>(FileOutputStream.java:179)
	at com.github.vincentrussell.json.datagenerator.JsonDataGeneratorTest.destinationFileExists(JsonDataGeneratorTest.java:128)
	at java.base/java.lang.reflect.Method.invoke(Method.java:580)
	at java.base/java.util.ArrayList.forEach(ArrayList.java:1596)
	at java.base/java.util.ArrayList.forEach(ArrayList.java:1596)
]]></error>
  </testcase>
  <testcase name="repeatFunctionRangeJsonArrayNoQuotes" classname="com.github.vincentrussell.json.datagenerator.JsonDataGeneratorTest" time="0.006"/>
  <testcase name="utf8TestForeignCharacters" classname="com.github.vincentrussell.json.datagenerator.JsonDataGeneratorTest" time="0.012"/>
  <testcase name="zeroRepeatRange" classname="com.github.vincentrussell.json.datagenerator.JsonDataGeneratorTest" time="0.011"/>
  <testcase name="floatingRepeatsWithQuotes" classname="com.github.vincentrussell.json.datagenerator.JsonDataGeneratorTest" time="0.012"/>
  <testcase name="convertDateToTimestamp" classname="com.github.vincentrussell.json.datagenerator.JsonDataGeneratorTest" time="0.007"/>
  <testcase name="foreignCharactersInTokenResolver" classname="com.github.vincentrussell.json.datagenerator.JsonDataGeneratorTest" time="0.009"/>
  <testcase name="concatWithBracesEscaped" classname="com.github.vincentrussell.json.datagenerator.JsonDataGeneratorTest" time="0.005"/>
  <testcase name="singleQuoteFunctionTest" classname="com.github.vincentrussell.json.datagenerator.JsonDataGeneratorTest" time="0.005"/>
  <testcase name="multiThreadedTests" classname="com.github.vincentrussell.json.datagenerator.JsonDataGeneratorTest" time="0.118"/>
  <testcase name="repeatNonFunctionJsonArray" classname="com.github.vincentrussell.json.datagenerator.JsonDataGeneratorTest" time="0.01"/>
  <testcase name="functionSimpleJson" classname="com.github.vincentrussell.json.datagenerator.JsonDataGeneratorTest" time="0.005"/>
  <testcase name="testInvalidScenario" classname="com.github.vincentrussell.json.datagenerator.JsonDataGeneratorTest" time="0.008"/>
</testsuite>