<?xml version="1.0" encoding="UTF-8"?>
<testsuite xmlns:xsi="http://www.w3.org/2001/XMLSchema-instance" xsi:noNamespaceSchemaLocation="https://maven.apache.org/surefire/maven-surefire-plugin/xsd/surefire-test-report.xsd" version="3.0.2" name="com.github.vincentrussell.json.datagenerator.JsonDataGeneratorTest" time="0.477" tests="32" errors="4" skipped="0" failures="1">
  <properties>
[...]
</properties>
  <testcase name="copyDoubleNestedJson" classname="com.github.vincentrussell.json.datagenerator.JsonDataGeneratorTest" time="0.047"/>
  <testcase name="repeatFunctionJsonArrayNoQuotes" classname="com.github.vincentrussell.json.datagenerator.JsonDataGeneratorTest" time="0.01"/>
  <testcase name="resetIndex" classname="com.github.vincentrussell.json.datagenerator.JsonDataGeneratorTest" time="0.023"/>
  <testcase name="repeatFunctionJsonArrayQuotes" classname="com.github.vincentrussell.json.datagenerator.JsonDataGeneratorTest" time="0.01"/>
  <testcase name="zeroRepeat" classname="com.github.vincentrussell.json.datagenerator.JsonDataGeneratorTest" time="0.013"/>
  <testcase name="concatWithEscapesWithoutBraces" classname="com.github.vincentrussell.json.datagenerator.JsonDataGeneratorTest" time="0.009"/>
  <testcase name="copyRepeatsDoesNotAddNullCharacters" classname="com.github.vincentrussell.json.datagenerator.JsonDataGeneratorTest" time="0.007">
    <error message="java.io.FileNotFoundException:  (No such file or directory)" type="java.lang.RuntimeException"><![CDATA[java.lang.RuntimeException: java.io.FileNotFoundException:  (No such file or directory)
	at com.github.vincentrussell.json.datagenerator.JsonDataGeneratorTest.copyRepeatsDoesNotAddNullCharacters(JsonDataGeneratorTest.java:154)
	at java.base/java.lang.reflect.Method.invoke(Method.java:580)
	at java.base/java.util.ArrayList.forEach(ArrayList.java:1596)
	at java.base/java.util.ArrayList.forEach(ArrayList.java:1596)
Caused by: java.io.FileNotFoundException:  (No such file or directory)
	at java.base/java.io.FileOutputStream.open0(Native Method)
	at java.base/java.io.FileOutputStream.open(FileOutputStream.java:289)
	at java.base/java.io.FileOutputStream.<init>(FileOutputStream.java:230)
	at java.base/java.io.FileOutputStream.<init>(FileOutputStream.java:179)
	at com.github.vincentrussell.json.datagenerator.JsonDataGeneratorTest.copyRepeatsDoesNotAddNullCharacters(JsonDataGeneratorTest.java:151)
	... 3 more
]]></error>
  </testcase>
  <testcase name="indexFunctionWithNamesTest" classname="com.github.vincentrussell.json.datagenerator.JsonDataGeneratorTest" time="0.012"/>
  <testcase name="repeatFunctionInvalidRange" classname="com.github.vincentrussell.json.datagenerator.JsonDataGeneratorTest" time="0.007">
    <error message="cannot parse function: repeat(10,3)" type="java.lang.IllegalArgumentException"><![CDATA[java.lang.IllegalArgumentException: cannot parse function: repeat(10,3)
	at com.github.vincentrussell.json.datagenerator.impl.FunctionTokenResolver.resolveToken(FunctionTokenResolver.java:65)
	at com.github.vincentrussell.json.datagenerator.impl.JsonDataGeneratorImpl.parseRepeats(JsonDataGeneratorImpl.java:337)
	at com.github.vincentrussell.json.datagenerator.impl.JsonDataGeneratorImpl.handleRepeats(JsonDataGeneratorImpl.java:299)
	at com.github.vincentrussell.json.datagenerator.impl.JsonDataGeneratorImpl.generateTestDataJson(JsonDataGeneratorImpl.java:141)
	at com.github.vincentrussell.json.datagenerator.impl.JsonDataGeneratorImpl.generateTestDataJson(JsonDataGeneratorImpl.java:83)
	at com.github.vincentrussell.json.datagenerator.JsonDataGeneratorTest.repeatFunctionInvalidRange(JsonDataGeneratorTest.java:222)
	at java.base/java.lang.reflect.Method.invoke(Method.java:580)
	at java.base/java.util.ArrayList.forEach(ArrayList.java:1596)
	at java.base/java.util.ArrayList.forEach(ArrayList.java:1596)
Caused by: java.lang.reflect.InvocationTargetException
	at java.base/jdk.internal.reflect.DirectMethodHandleAccessor.invoke(DirectMethodHandleAccessor.java:118)
	at java.base/java.lang.reflect.Method.invoke(Method.java:580)
	at com.github.vincentrussell.json.datagenerator.functions.FunctionRegistry.executeMethod(FunctionRegistry.java:264)
	at com.github.vincentrussell.json.datagenerator.functions.FunctionRegistry.executeFunction(FunctionRegistry.java:254)
	at com.github.vincentrussell.json.datagenerator.parser.FunctionParser.Parse(FunctionParser.java:215)
	at com.github.vincentrussell.json.datagenerator.impl.FunctionTokenResolver.resolveToken(FunctionTokenResolver.java:61)
	... 8 more
Caused by: java.lang.IllegalArgumentException: the second number, 3, must be greater than the first number, 3
	at com.github.vincentrussell.json.datagenerator.functions.impl.Repeat.repeat(Repeat.java:54)
	at java.base/jdk.internal.reflect.DirectMethodHandleAccessor.invoke(DirectMethodHandleAccessor.java:103)
	... 13 more
]]></error>
  </testcase>
  <testcase name="copyJson" classname="com.github.vincentrussell.json.datagenerator.JsonDataGeneratorTest" time="0.013"/>
  <testcase name="testXmlTemplate" classname="com.github.vincentrussell.json.datagenerator.JsonDataGeneratorTest" time="0.019"/>
  <testcase name="repeatWithSystemProperties" classname="com.github.vincentrussell.json.datagenerator.JsonDataGeneratorTest" time="0.007"/>
  <testcase name="sourceFileNotFound" classname="com.github.vincentrussell.json.datagenerator.JsonDataGeneratorTest" time="0.006">
    <error message="java.io.FileNotFoundException: notfound (No such file or directory)" type="com.github.vincentrussell.json.datagenerator.JsonDataGeneratorException"><![CDATA[com.github.vincentrussell.json.datagenerator.JsonDataGeneratorException: java.io.FileNotFoundException: notfound (No such file or directory)
	at com.github.vincentrussell.json.datagenerator.impl.JsonDataGeneratorImpl.generateTestDataJson(JsonDataGeneratorImpl.java:129)
	at com.github.vincentrussell.json.datagenerator.JsonDataGeneratorTest.sourceFileNotFound(JsonDataGeneratorTest.java:120)
	at java.base/java.lang.reflect.Method.invoke(Method.java:580)
	at java.base/java.util.ArrayList.forEach(ArrayList.java:1596)
	at java.base/java.util.ArrayList.forEach(ArrayList.java:1596)
Caused by: java.io.FileNotFoundException: notfound (No such file or directory)
	at java.base/java.io.FileInputStream.open0(Native Method)
	at java.base/java.io.FileInputStream.open(FileInputStream.java:213)
	at java.base/java.io.FileInputStream.<init>(FileInputStream.java:152)
	at com.github.vincentrussell.json.datagenerator.impl.JsonDataGeneratorImpl.generateTestDataJson(JsonDataGeneratorImpl.java:125)
	... 4 more
]]></error>
  </testcase>
  <testcase name="repeatFunctionInvalid" classname="com.github.vincentrussell.json.datagenerator.JsonDataGeneratorTest" time="0.007">
    <failure message="expected: &lt;true&gt; but was: &lt;false&gt;" type="org.opentest4j.AssertionFailedError"><![CDATA[org.opentest4j.AssertionFailedError: expected: <true> but was: <false>
	at org.junit.jupiter.api.AssertionFailureBuilder.build(AssertionFailureBuilder.java:151)
	at org.junit.jupiter.api.AssertionFailureBuilder.buildAndThrow(AssertionFailureBuilder.java:132)
	at org.junit.jupiter.api.AssertTrue.failNotTrue(AssertTrue.java:63)
	at org.junit.jupiter.api.AssertTrue.assertTrue(AssertTrue.java:36)
	at org.junit.jupiter.api.AssertTrue.assertTrue(AssertTrue.java:31)
	at org.junit.jupiter.api.Assertions.assertTrue(Assertions.java:183)
	at com.github.vincentrussell.json.datagenerator.JsonDataGeneratorTest.repeatFunctionInvalid(JsonDataGeneratorTest.java:437)
	at java.base/java.lang.reflect.Method.invoke(Method.java:580)
	at java.base/java.util.ArrayList.forEach(ArrayList.java:1596)
	at java.base/java.util.ArrayList.forEach(ArrayList.java:1596)
]]></failure>
  </testcase>
  <testcase name="indexFunctionTest" classname="com.github.vincentrussell.json.datagenerator.JsonDataGeneratorTest" time="0.011"/>
  <testcase name="invalidFunction" classname="com.github.vincentrussell.json.datagenerator.JsonDataGeneratorTest" time="0.011"/>
  <testcase name="doubleQuoteFunctionTest" classname="com.github.vincentrussell.json.datagenerator.JsonDataGeneratorTest" time="0.019"/>
  <testcase name="putGetTest" classname="com.github.vincentrussell.json.datagenerator.JsonDataGeneratorTest" time="0.012"/>
  <testcase name="repeatFunctionRangeEqual" classname="com.github.vincentrussell.json.datagenerator.JsonDataGeneratorTest" time="0.006"/>
  <testcase name="destinationFileExists" classname="com.github.vincentrussell.json.datagenerator.JsonDataGeneratorTest" time="0.006">
    <error message=" (No such file or directory)" type="java.io.FileNotFoundException"><![CDATA[java.io.FileNotFoundException:  (No such file or directory)
	at java.base/java.io.FileOutputStream.open0(Native Method)
	at java.base/java.io.FileOutputStream.open(FileOutputStream.java:289)
	at java.base/java.io.FileOutputStream.<init>(FileOutputStream.java:230)
	at java.base/java.io.FileOutputStream.<init>(FileOutputStream.java:179)
	at com.github.vincentrussell.json.datagenerator.JsonDataGeneratorTest.destinationFileExists(JsonDataGeneratorTest.java:128)
	at java.base/java.lang.reflect.Method.invoke(Method.java:580)
	at java.base/java.util.ArrayList.forEach(ArrayList.java:1596)
	at java.base/java.util.ArrayList.forEach(ArrayList.java:1596)
]]></error>
  </testcase>
  <testcase name="repeatFunctionRangeJsonArrayNoQuotes" classname="com.github.vincentrussell.json.datagenerator.JsonDataGeneratorTest" time="0.006"/>
  <testcase name="utf8TestForeignCharacters" classname="com.github.vincentrussell.json.datagenerator.JsonDataGeneratorTest" time="0.012"/>
  <testcase name="zeroRepeatRange" classname="com.github.vincentrussell.json.datagenerator.JsonDataGeneratorTest" time="0.011"/>
  <testcase name="floatingRepeatsWithQuotes" classname="com.github.vincentrussell.json.datagenerator.JsonDataGeneratorTest" time="0.012"/>
  <testcase name="convertDateToTimestamp" classname="com.github.vincentrussell.json.datagenerator.JsonDataGeneratorTest" time="0.007"/>
  <testcase name="foreignCharactersInTokenResolver" classname="com.github.vincentrussell.json.datagenerator.JsonDataGeneratorTest" time="0.009"/>
  <testcase name="concatWithBracesEscaped" classname="com.github.vincentrussell.json.datagenerator.JsonDataGeneratorTest" time="0.005"/>
  <testcase name="singleQuoteFunctionTest" classname="com.github.vincentrussell.json.datagenerator.JsonDataGeneratorTest" time="0.005"/>
  <testcase name="multiThreadedTests" classname="com.github.vincentrussell.json.datagenerator.JsonDataGeneratorTest" time="0.118"/>
  <testcase name="repeatNonFunctionJsonArray" classname="com.github.vincentrussell.json.datagenerator.JsonDataGeneratorTest" time="0.01"/>
  <testcase name="functionSimpleJson" classname="com.github.vincentrussell.json.datagenerator.JsonDataGeneratorTest" time="0.005"/>
  <testcase name="testInvalidScenario" classname="com.github.vincentrussell.json.datagenerator.JsonDataGeneratorTest" time="0.008"/>
</testsuite>